nohup: ignoring input
Submitted batch job 2504001
Submitted job for /external/rprshnas01/tigrlab/scratch/bng/cartbind/code/MIND_models/subject_paths/paths_part_00 with array range 0-999
Submitted batch job 2504258
Submitted job for /external/rprshnas01/tigrlab/scratch/bng/cartbind/code/MIND_models/subject_paths/paths_part_01 with array range 0-999
Submitted batch job 2504659
Submitted job for /external/rprshnas01/tigrlab/scratch/bng/cartbind/code/MIND_models/subject_paths/paths_part_02 with array range 0-999
Submitted batch job 2505232
Submitted job for /external/rprshnas01/tigrlab/scratch/bng/cartbind/code/MIND_models/subject_paths/paths_part_03 with array range 0-999
Submitted batch job 2505497
Submitted job for /external/rprshnas01/tigrlab/scratch/bng/cartbind/code/MIND_models/subject_paths/paths_part_04 with array range 0-999
Submitted batch job 2505765
Submitted job for /external/rprshnas01/tigrlab/scratch/bng/cartbind/code/MIND_models/subject_paths/paths_part_05 with array range 0-999
Submitted batch job 2506120
Submitted job for /external/rprshnas01/tigrlab/scratch/bng/cartbind/code/MIND_models/subject_paths/paths_part_06 with array range 0-999
Submitted batch job 2506770
Submitted job for /external/rprshnas01/tigrlab/scratch/bng/cartbind/code/MIND_models/subject_paths/paths_part_07 with array range 0-999
Submitted batch job 2507099
Submitted job for /external/rprshnas01/tigrlab/scratch/bng/cartbind/code/MIND_models/subject_paths/paths_part_08 with array range 0-999
Submitted batch job 2507369
Submitted job for /external/rprshnas01/tigrlab/scratch/bng/cartbind/code/MIND_models/subject_paths/paths_part_09 with array range 0-999
Submitted batch job 2507666
Submitted job for /external/rprshnas01/tigrlab/scratch/bng/cartbind/code/MIND_models/subject_paths/paths_part_10 with array range 0-999
Submitted batch job 2508311
Submitted job for /external/rprshnas01/tigrlab/scratch/bng/cartbind/code/MIND_models/subject_paths/paths_part_11 with array range 0-999
Submitted batch job 2508819
Submitted job for /external/rprshnas01/tigrlab/scratch/bng/cartbind/code/MIND_models/subject_paths/paths_part_12 with array range 0-999
Submitted batch job 2509120
Submitted job for /external/rprshnas01/tigrlab/scratch/bng/cartbind/code/MIND_models/subject_paths/paths_part_13 with array range 0-999
Submitted batch job 2509487
Submitted job for /external/rprshnas01/tigrlab/scratch/bng/cartbind/code/MIND_models/subject_paths/paths_part_14 with array range 0-999
sbatch: error: Slurm temporarily unable to accept job, sleeping and retrying
sbatch: error: Batch job submission failed: Resource temporarily unavailable
Submitted job for /external/rprshnas01/tigrlab/scratch/bng/cartbind/code/MIND_models/subject_paths/paths_part_15 with array range 0-999
Submitted batch job 2510741
Submitted job for /external/rprshnas01/tigrlab/scratch/bng/cartbind/code/MIND_models/subject_paths/paths_part_16 with array range 0-999
Submitted batch job 2511379
Submitted job for /external/rprshnas01/tigrlab/scratch/bng/cartbind/code/MIND_models/subject_paths/paths_part_17 with array range 0-999
sbatch: error: Slurm temporarily unable to accept job, sleeping and retrying
sbatch: error: Batch job submission failed: Resource temporarily unavailable
Submitted job for /external/rprshnas01/tigrlab/scratch/bng/cartbind/code/MIND_models/subject_paths/paths_part_18 with array range 0-999
Submitted batch job 2512738
Submitted job for /external/rprshnas01/tigrlab/scratch/bng/cartbind/code/MIND_models/subject_paths/paths_part_19 with array range 0-999
Submitted batch job 2513426
Submitted job for /external/rprshnas01/tigrlab/scratch/bng/cartbind/code/MIND_models/subject_paths/paths_part_20 with array range 0-999
Submitted batch job 2514282
Submitted job for /external/rprshnas01/tigrlab/scratch/bng/cartbind/code/MIND_models/subject_paths/paths_part_21 with array range 0-999
sbatch: error: Slurm temporarily unable to accept job, sleeping and retrying
sbatch: error: Batch job submission failed: Resource temporarily unavailable
Submitted job for /external/rprshnas01/tigrlab/scratch/bng/cartbind/code/MIND_models/subject_paths/paths_part_22 with array range 0-999
Submitted batch job 2515558
Submitted job for /external/rprshnas01/tigrlab/scratch/bng/cartbind/code/MIND_models/subject_paths/paths_part_23 with array range 0-999
sbatch: error: Slurm temporarily unable to accept job, sleeping and retrying
sbatch: error: Batch job submission failed: Resource temporarily unavailable
Submitted job for /external/rprshnas01/tigrlab/scratch/bng/cartbind/code/MIND_models/subject_paths/paths_part_24 with array range 0-999
Submitted batch job 2516786
Submitted job for /external/rprshnas01/tigrlab/scratch/bng/cartbind/code/MIND_models/subject_paths/paths_part_25 with array range 0-999
Submitted batch job 2517395
Submitted job for /external/rprshnas01/tigrlab/scratch/bng/cartbind/code/MIND_models/subject_paths/paths_part_26 with array range 0-999
sbatch: error: Slurm temporarily unable to accept job, sleeping and retrying
sbatch: error: Batch job submission failed: Resource temporarily unavailable
Submitted job for /external/rprshnas01/tigrlab/scratch/bng/cartbind/code/MIND_models/subject_paths/paths_part_27 with array range 0-999
Submitted batch job 2518637
Submitted job for /external/rprshnas01/tigrlab/scratch/bng/cartbind/code/MIND_models/subject_paths/paths_part_28 with array range 0-999
Submitted batch job 2519245
Submitted job for /external/rprshnas01/tigrlab/scratch/bng/cartbind/code/MIND_models/subject_paths/paths_part_29 with array range 0-999
sbatch: error: Slurm temporarily unable to accept job, sleeping and retrying
sbatch: error: Batch job submission failed: Resource temporarily unavailable
Submitted job for /external/rprshnas01/tigrlab/scratch/bng/cartbind/code/MIND_models/subject_paths/paths_part_30 with array range 0-999
Submitted batch job 2520451
Submitted job for /external/rprshnas01/tigrlab/scratch/bng/cartbind/code/MIND_models/subject_paths/paths_part_31 with array range 0-999
sbatch: error: Slurm temporarily unable to accept job, sleeping and retrying
sbatch: error: Batch job submission failed: Resource temporarily unavailable
Submitted job for /external/rprshnas01/tigrlab/scratch/bng/cartbind/code/MIND_models/subject_paths/paths_part_32 with array range 0-999
Submitted batch job 2521653
Submitted job for /external/rprshnas01/tigrlab/scratch/bng/cartbind/code/MIND_models/subject_paths/paths_part_33 with array range 0-999
Submitted batch job 2522259
Submitted job for /external/rprshnas01/tigrlab/scratch/bng/cartbind/code/MIND_models/subject_paths/paths_part_34 with array range 0-999
sbatch: error: Slurm temporarily unable to accept job, sleeping and retrying
sbatch: error: Batch job submission failed: Resource temporarily unavailable
Submitted job for /external/rprshnas01/tigrlab/scratch/bng/cartbind/code/MIND_models/subject_paths/paths_part_35 with array range 0-999
Submitted batch job 2523532
Submitted job for /external/rprshnas01/tigrlab/scratch/bng/cartbind/code/MIND_models/subject_paths/paths_part_36 with array range 0-999
sbatch: error: Slurm temporarily unable to accept job, sleeping and retrying
sbatch: error: Batch job submission failed: Resource temporarily unavailable
Submitted job for /external/rprshnas01/tigrlab/scratch/bng/cartbind/code/MIND_models/subject_paths/paths_part_37 with array range 0-999
Submitted batch job 2524812
Submitted job for /external/rprshnas01/tigrlab/scratch/bng/cartbind/code/MIND_models/subject_paths/paths_part_38 with array range 0-999
Submitted batch job 2525461
Submitted job for /external/rprshnas01/tigrlab/scratch/bng/cartbind/code/MIND_models/subject_paths/paths_part_39 with array range 0-999
sbatch: error: Slurm temporarily unable to accept job, sleeping and retrying
sbatch: error: Batch job submission failed: Resource temporarily unavailable
Submitted job for /external/rprshnas01/tigrlab/scratch/bng/cartbind/code/MIND_models/subject_paths/paths_part_40 with array range 0-999
Submitted batch job 2526752
Submitted job for /external/rprshnas01/tigrlab/scratch/bng/cartbind/code/MIND_models/subject_paths/paths_part_41 with array range 0-999
Submitted batch job 2527410
Submitted job for /external/rprshnas01/tigrlab/scratch/bng/cartbind/code/MIND_models/subject_paths/paths_part_42 with array range 0-999
sbatch: error: Slurm temporarily unable to accept job, sleeping and retrying
sbatch: error: Batch job submission failed: Resource temporarily unavailable
Submitted job for /external/rprshnas01/tigrlab/scratch/bng/cartbind/code/MIND_models/subject_paths/paths_part_43 with array range 0-999
Submitted batch job 2528728
Submitted job for /external/rprshnas01/tigrlab/scratch/bng/cartbind/code/MIND_models/subject_paths/paths_part_44 with array range 0-999
Submitted batch job 2529373
Submitted job for /external/rprshnas01/tigrlab/scratch/bng/cartbind/code/MIND_models/subject_paths/paths_part_45 with array range 0-999
Submitted batch job 2530006
Submitted job for /external/rprshnas01/tigrlab/scratch/bng/cartbind/code/MIND_models/subject_paths/paths_part_46 with array range 0-102
